<?xml version="1.0" encoding="UTF-8"?>
<!-- Generated by org.testng.reporters.JUnitReportReporter -->
<testsuite hostname="la-dgt-001436.usa.tribune.com" failures="0" tests="5" name="com.foxapi.testCases.TC003_RESET_password" time="0.001" errors="0" timestamp="21 Nov 2019 16:56:28 GMT" skipped="0">
  <testcase classname="com.foxapi.testCases.TC003_RESET_password" name="checkResponseTime" time="0.000"/>
  <testcase classname="com.foxapi.testCases.TC003_RESET_password" name="checkStatusCode" time="0.000"/>
  <testcase classname="com.foxapi.testCases.TC003_RESET_password" name="checkstatusLine" time="0.001"/>
  <testcase classname="com.foxapi.testCases.TC003_RESET_password" name="checkContentType" time="0.000"/>
  <testcase classname="com.foxapi.testCases.TC003_RESET_password" name="checkResposeBody" time="0.000"/>
</testsuite> <!-- com.foxapi.testCases.TC003_RESET_password -->
