<?xml version="1.0" encoding="UTF-8"?>
<!-- Generated by org.testng.reporters.JUnitReportReporter -->
<testsuite hostname="DESKTOP-3R73L8V" failures="0" tests="6" name="com.employeeapi.testCases.TC004_Put_Employee_Record" time="0.004" errors="0" timestamp="15 May 2019 09:22:25 GMT" skipped="0">
  <testcase classname="com.employeeapi.testCases.TC004_Put_Employee_Record" name="checkstatusLine" time="0.000"/>
  <testcase classname="com.employeeapi.testCases.TC004_Put_Employee_Record" name="checkResposeBody" time="0.001"/>
  <testcase classname="com.employeeapi.testCases.TC004_Put_Employee_Record" name="checkcontentEncoding" time="0.000"/>
  <testcase classname="com.employeeapi.testCases.TC004_Put_Employee_Record" name="checkStatusCode" time="0.001"/>
  <testcase classname="com.employeeapi.testCases.TC004_Put_Employee_Record" name="checkserverType" time="0.002"/>
  <testcase classname="com.employeeapi.testCases.TC004_Put_Employee_Record" name="checkContentType" time="0.000"/>
</testsuite> <!-- com.employeeapi.testCases.TC004_Put_Employee_Record -->
