<?xml version="1.0" encoding="UTF-8"?>
<!-- Generated by org.testng.reporters.JUnitReportReporter -->
<testsuite hostname="LA-DGT-001436.local" failures="0" tests="5" name="com.employeeapi.testCases.TC002_LOGIN_user" time="0.006" errors="0" timestamp="14 Sep 2019 17:56:44 GMT" skipped="0">
  <testcase classname="com.employeeapi.testCases.TC002_LOGIN_user" name="checkResponseTime" time="0.001"/>
  <testcase classname="com.employeeapi.testCases.TC002_LOGIN_user" name="checkResposeBody" time="0.001"/>
  <testcase classname="com.employeeapi.testCases.TC002_LOGIN_user" name="checkContentType" time="0.002"/>
  <testcase classname="com.employeeapi.testCases.TC002_LOGIN_user" name="checkStatusCode" time="0.001"/>
  <testcase classname="com.employeeapi.testCases.TC002_LOGIN_user" name="checkstatusLine" time="0.001"/>
</testsuite> <!-- com.employeeapi.testCases.TC002_LOGIN_user -->
