<?xml version="1.0" encoding="UTF-8"?>
<!-- Generated by org.testng.reporters.JUnitReportReporter -->
<testsuite hostname="LA-DGT-001436.local" failures="0" tests="5" name="com.employeeapi.testCases.TC003_RESET_password" time="0.005" errors="0" timestamp="14 Sep 2019 17:56:44 GMT" skipped="0">
  <testcase classname="com.employeeapi.testCases.TC003_RESET_password" name="checkStatusCode" time="0.001"/>
  <testcase classname="com.employeeapi.testCases.TC003_RESET_password" name="checkResponseTime" time="0.001"/>
  <testcase classname="com.employeeapi.testCases.TC003_RESET_password" name="checkContentType" time="0.001"/>
  <testcase classname="com.employeeapi.testCases.TC003_RESET_password" name="checkstatusLine" time="0.001"/>
  <testcase classname="com.employeeapi.testCases.TC003_RESET_password" name="checkResposeBody" time="0.001"/>
</testsuite> <!-- com.employeeapi.testCases.TC003_RESET_password -->
