<?xml version="1.0" encoding="UTF-8"?>
<!-- Generated by org.testng.reporters.JUnitReportReporter -->
<testsuite skipped="0" hostname="DESKTOP-3R73L8V" name="com.employeeapi.testCases.TC005_Delete_Employee_Record" tests="6" failures="0" timestamp="15 May 2019 08:40:40 GMT" time="0.009" errors="0">
  <testcase name="checkserverType" time="0.002" classname="com.employeeapi.testCases.TC005_Delete_Employee_Record"/>
  <testcase name="checkstatusLine" time="0.001" classname="com.employeeapi.testCases.TC005_Delete_Employee_Record"/>
  <testcase name="checkcontentEncoding" time="0.003" classname="com.employeeapi.testCases.TC005_Delete_Employee_Record"/>
  <testcase name="checkResposeBody" time="0.002" classname="com.employeeapi.testCases.TC005_Delete_Employee_Record"/>
  <testcase name="checkStatusCode" time="0.001" classname="com.employeeapi.testCases.TC005_Delete_Employee_Record"/>
  <testcase name="checkContentType" time="0.000" classname="com.employeeapi.testCases.TC005_Delete_Employee_Record"/>
</testsuite> <!-- com.employeeapi.testCases.TC005_Delete_Employee_Record -->
